0 info it worked if it ends with ok
1 verbose cli [ 'C:\\Program Files (x86)\\nodejs\\\\node.exe',
1 verbose cli   'C:\\Program Files (x86)\\nodejs\\node_modules\\npm\\bin\\npm-cli.js',
1 verbose cli   'install',
1 verbose cli   'procfile' ]
2 info using npm@2.10.1
3 info using node@v0.12.4
4 verbose install initial load of C:\projects\wee_wiki_paint\package.json
5 warn package.json @ No repository field.
6 warn package.json @ No license field.
7 verbose installManyTop reading scoped package data from C:\projects\wee_wiki_paint\node_modules\jake\package.json
8 verbose installManyTop reading scoped package data from C:\projects\wee_wiki_paint\node_modules\jshint\package.json
9 verbose installManyTop reading scoped package data from C:\projects\wee_wiki_paint\node_modules\nodeunit\package.json
10 verbose installManyTop reading scoped package data from C:\projects\wee_wiki_paint\node_modules\semver\package.json
11 info package.json jake@8.0.12 No license field.
12 info package.json nodeunit@0.9.1 No license field.
13 verbose readDependencies loading dependencies from C:\projects\wee_wiki_paint\package.json
14 silly cache add args [ 'procfile', null ]
15 verbose cache add spec procfile
16 silly cache add parsed spec { raw: 'procfile',
16 silly cache add   scope: null,
16 silly cache add   name: null,
16 silly cache add   rawSpec: 'procfile',
16 silly cache add   spec: 'C:\\projects\\wee_wiki_paint\\procfile',
16 silly cache add   type: 'local' }
17 silly addLocalTarball shasum (computed) 48bae2edaf86a37e88422a04f1689a9e79495aba
18 verbose addTmpTarball C:\projects\wee_wiki_paint\procfile not in flight; adding
19 verbose addTmpTarball validating metadata from C:\projects\wee_wiki_paint\procfile
20 verbose tar unpack C:\projects\wee_wiki_paint\procfile
21 verbose tar unpacking to C:\Users\Patrick\AppData\Local\Temp\npm-6628-9d7ccabd\unpack-9a4ea71e33c2
22 silly gentlyRm C:\Users\Patrick\AppData\Local\Temp\npm-6628-9d7ccabd\unpack-9a4ea71e33c2 is being purged
23 verbose gentlyRm don't care about contents; nuking C:\Users\Patrick\AppData\Local\Temp\npm-6628-9d7ccabd\unpack-9a4ea71e33c2
24 silly gunzTarPerm modes [ '777', '666' ]
25 error not a package C:\projects\wee_wiki_paint\procfile
26 error addLocal Could not install C:\projects\wee_wiki_paint\procfile
27 verbose stack Error: ENOENT, open 'C:\Users\Patrick\AppData\Local\Temp\npm-6628-9d7ccabd\unpack-9a4ea71e33c2\package.json'
27 verbose stack     at Error (native)
28 verbose cwd C:\projects\wee_wiki_paint
29 error Windows_NT 6.1.7601
30 error argv "C:\\Program Files (x86)\\nodejs\\\\node.exe" "C:\\Program Files (x86)\\nodejs\\node_modules\\npm\\bin\\npm-cli.js" "install" "procfile"
31 error node v0.12.4
32 error npm  v2.10.1
33 error path C:\Users\Patrick\AppData\Local\Temp\npm-6628-9d7ccabd\unpack-9a4ea71e33c2\package.json
34 error code ENOENT
35 error errno -4058
36 error enoent ENOENT, open 'C:\Users\Patrick\AppData\Local\Temp\npm-6628-9d7ccabd\unpack-9a4ea71e33c2\package.json'
36 error enoent This is most likely not a problem with npm itself
36 error enoent and is related to npm not being able to find a file.
37 verbose exit [ -4058, true ]
